08-Nov-2024 10:04:09.395 INFO [main] org.apache.catalina.startup.VersionLoggerListener.log 서버 버전 이름:    Apache Tomcat/10.1.31
08-Nov-2024 10:04:09.400 INFO [main] org.apache.catalina.startup.VersionLoggerListener.log Server 빌드 시각:  Oct 3 2024 19:02:38 UTC
08-Nov-2024 10:04:09.401 INFO [main] org.apache.catalina.startup.VersionLoggerListener.log Server 버전 번호:  10.1.31.0
08-Nov-2024 10:04:09.401 INFO [main] org.apache.catalina.startup.VersionLoggerListener.log 운영체제 이름:     Windows 11
08-Nov-2024 10:04:09.402 INFO [main] org.apache.catalina.startup.VersionLoggerListener.log 운영체제 버전:     10.0
08-Nov-2024 10:04:09.402 INFO [main] org.apache.catalina.startup.VersionLoggerListener.log 아키텍처:          amd64
08-Nov-2024 10:04:09.402 INFO [main] org.apache.catalina.startup.VersionLoggerListener.log 자바 홈:           C:\Program Files\Java\jdk-17.0.10
08-Nov-2024 10:04:09.403 INFO [main] org.apache.catalina.startup.VersionLoggerListener.log JVM 버전:          17.0.10+11-LTS-240
08-Nov-2024 10:04:09.403 INFO [main] org.apache.catalina.startup.VersionLoggerListener.log JVM 벤더:          Oracle Corporation
08-Nov-2024 10:04:09.403 INFO [main] org.apache.catalina.startup.VersionLoggerListener.log CATALINA_BASE:     E:\Java\apache-tomcat-10.1.31
08-Nov-2024 10:04:09.403 INFO [main] org.apache.catalina.startup.VersionLoggerListener.log CATALINA_HOME:     E:\Java\apache-tomcat-10.1.31
08-Nov-2024 10:04:09.415 INFO [main] org.apache.catalina.startup.VersionLoggerListener.log 명령 행 아규먼트:  -Djava.util.logging.config.file=E:\Java\apache-tomcat-10.1.31\conf\logging.properties
08-Nov-2024 10:04:09.416 INFO [main] org.apache.catalina.startup.VersionLoggerListener.log 명령 행 아규먼트:  -Djava.util.logging.manager=org.apache.juli.ClassLoaderLogManager
08-Nov-2024 10:04:09.416 INFO [main] org.apache.catalina.startup.VersionLoggerListener.log 명령 행 아규먼트:  -Djdk.tls.ephemeralDHKeySize=2048
08-Nov-2024 10:04:09.416 INFO [main] org.apache.catalina.startup.VersionLoggerListener.log 명령 행 아규먼트:  -Djava.protocol.handler.pkgs=org.apache.catalina.webresources
08-Nov-2024 10:04:09.417 INFO [main] org.apache.catalina.startup.VersionLoggerListener.log 명령 행 아규먼트:  --add-opens=java.base/java.lang=ALL-UNNAMED
08-Nov-2024 10:04:09.417 INFO [main] org.apache.catalina.startup.VersionLoggerListener.log 명령 행 아규먼트:  --add-opens=java.base/java.io=ALL-UNNAMED
08-Nov-2024 10:04:09.417 INFO [main] org.apache.catalina.startup.VersionLoggerListener.log 명령 행 아규먼트:  --add-opens=java.base/java.util=ALL-UNNAMED
08-Nov-2024 10:04:09.418 INFO [main] org.apache.catalina.startup.VersionLoggerListener.log 명령 행 아규먼트:  --add-opens=java.base/java.util.concurrent=ALL-UNNAMED
08-Nov-2024 10:04:09.418 INFO [main] org.apache.catalina.startup.VersionLoggerListener.log 명령 행 아규먼트:  --add-opens=java.rmi/sun.rmi.transport=ALL-UNNAMED
08-Nov-2024 10:04:09.418 INFO [main] org.apache.catalina.startup.VersionLoggerListener.log 명령 행 아규먼트:  -Dcatalina.base=E:\Java\apache-tomcat-10.1.31
08-Nov-2024 10:04:09.418 INFO [main] org.apache.catalina.startup.VersionLoggerListener.log 명령 행 아규먼트:  -Dcatalina.home=E:\Java\apache-tomcat-10.1.31
08-Nov-2024 10:04:09.419 INFO [main] org.apache.catalina.startup.VersionLoggerListener.log 명령 행 아규먼트:  -Djava.io.tmpdir=E:\Java\apache-tomcat-10.1.31\temp
08-Nov-2024 10:04:09.422 INFO [main] org.apache.catalina.core.AprLifecycleListener.lifecycleEvent APR 버전 [1.7.4]을(를) 사용한, APR 기반 Apache Tomcat Native 라이브러리 [2.0.8]을(를) 로드했습니다.
08-Nov-2024 10:04:09.431 INFO [main] org.apache.catalina.core.AprLifecycleListener.initializeSSL OpenSSL이 성공적으로 초기화되었습니다: [OpenSSL 3.0.14 4 Jun 2024]
08-Nov-2024 10:04:09.688 INFO [main] org.apache.coyote.AbstractProtocol.init 프로토콜 핸들러 ["http-nio-8080"]을(를) 초기화합니다.
08-Nov-2024 10:04:09.705 SEVERE [main] org.apache.catalina.util.LifecycleBase.handleSubClassException 구성요소 [Connector["http-nio-8080"]]을(를) 초기화하지 못했습니다.
	org.apache.catalina.LifecycleException: 프로토콜 핸들러 초기화가 실패했습니다.
		at org.apache.catalina.connector.Connector.initInternal(Connector.java:1030)
		at org.apache.catalina.util.LifecycleBase.init(LifecycleBase.java:122)
		at org.apache.catalina.core.StandardService.initInternal(StandardService.java:525)
		at org.apache.catalina.util.LifecycleBase.init(LifecycleBase.java:122)
		at org.apache.catalina.core.StandardServer.initInternal(StandardServer.java:957)
		at org.apache.catalina.util.LifecycleBase.init(LifecycleBase.java:122)
		at org.apache.catalina.startup.Catalina.load(Catalina.java:708)
		at org.apache.catalina.startup.Catalina.load(Catalina.java:731)
		at java.base/jdk.internal.reflect.NativeMethodAccessorImpl.invoke0(Native Method)
		at java.base/jdk.internal.reflect.NativeMethodAccessorImpl.invoke(NativeMethodAccessorImpl.java:77)
		at java.base/jdk.internal.reflect.DelegatingMethodAccessorImpl.invoke(DelegatingMethodAccessorImpl.java:43)
		at java.base/java.lang.reflect.Method.invoke(Method.java:568)
		at org.apache.catalina.startup.Bootstrap.load(Bootstrap.java:302)
		at org.apache.catalina.startup.Bootstrap.main(Bootstrap.java:472)
	Caused by: java.net.BindException: Address already in use: bind
		at java.base/sun.nio.ch.Net.bind0(Native Method)
		at java.base/sun.nio.ch.Net.bind(Net.java:555)
		at java.base/sun.nio.ch.ServerSocketChannelImpl.netBind(ServerSocketChannelImpl.java:337)
		at java.base/sun.nio.ch.ServerSocketChannelImpl.bind(ServerSocketChannelImpl.java:294)
		at org.apache.tomcat.util.net.NioEndpoint.initServerSocket(NioEndpoint.java:239)
		at org.apache.tomcat.util.net.NioEndpoint.bind(NioEndpoint.java:194)
		at org.apache.tomcat.util.net.AbstractEndpoint.bindWithCleanup(AbstractEndpoint.java:1304)
		at org.apache.tomcat.util.net.AbstractEndpoint.init(AbstractEndpoint.java:1317)
		at org.apache.coyote.AbstractProtocol.init(AbstractProtocol.java:633)
		at org.apache.coyote.http11.AbstractHttp11Protocol.init(AbstractHttp11Protocol.java:79)
		at org.apache.catalina.connector.Connector.initInternal(Connector.java:1028)
		... 13 more
08-Nov-2024 10:04:09.708 INFO [main] org.apache.catalina.startup.Catalina.load [513] 밀리초 내에 서버가 초기화되었습니다.
08-Nov-2024 10:04:09.755 INFO [main] org.apache.catalina.core.StandardService.startInternal 서비스 [Catalina]을(를) 시작합니다.
08-Nov-2024 10:04:09.755 INFO [main] org.apache.catalina.core.StandardEngine.startInternal 서버 엔진을 시작합니다: [Apache Tomcat/10.1.31]
08-Nov-2024 10:04:09.769 INFO [main] org.apache.catalina.startup.HostConfig.deployDirectory 웹 애플리케이션 디렉토리 [E:\Java\apache-tomcat-10.1.31\webapps\docs]을(를) 배치합니다.
08-Nov-2024 10:04:10.213 WARNING [main] org.apache.catalina.util.SessionIdGeneratorBase.createSecureRandom [SHA1PRNG] 알고리즘을 사용하여, 세션 ID를 생성하기 위한 SecureRandom 객체를 생성하는데, [122] 밀리초가 소요됐습니다.
08-Nov-2024 10:04:10.248 INFO [main] org.apache.catalina.startup.HostConfig.deployDirectory 웹 애플리케이션 디렉토리 [E:\Java\apache-tomcat-10.1.31\webapps\docs]에 대한 배치가 [479] 밀리초에 완료되었습니다.
08-Nov-2024 10:04:10.249 INFO [main] org.apache.catalina.startup.HostConfig.deployDirectory 웹 애플리케이션 디렉토리 [E:\Java\apache-tomcat-10.1.31\webapps\examples]을(를) 배치합니다.
08-Nov-2024 10:04:11.234 INFO [main] org.apache.catalina.startup.HostConfig.deployDirectory 웹 애플리케이션 디렉토리 [E:\Java\apache-tomcat-10.1.31\webapps\examples]에 대한 배치가 [985] 밀리초에 완료되었습니다.
08-Nov-2024 10:04:11.235 INFO [main] org.apache.catalina.startup.HostConfig.deployDirectory 웹 애플리케이션 디렉토리 [E:\Java\apache-tomcat-10.1.31\webapps\Gradle___org_example___WebEx01_1_0_SNAPSHOT_war]을(를) 배치합니다.
08-Nov-2024 10:04:11.312 INFO [main] org.apache.catalina.startup.HostConfig.deployDirectory 웹 애플리케이션 디렉토리 [E:\Java\apache-tomcat-10.1.31\webapps\Gradle___org_example___WebEx01_1_0_SNAPSHOT_war]에 대한 배치가 [78] 밀리초에 완료되었습니다.
08-Nov-2024 10:04:11.313 INFO [main] org.apache.catalina.startup.HostConfig.deployDirectory 웹 애플리케이션 디렉토리 [E:\Java\apache-tomcat-10.1.31\webapps\Gradle___org_example___WebEx02_1_0_SNAPSHOT_war]을(를) 배치합니다.
08-Nov-2024 10:04:12.773 INFO [main] org.apache.jasper.servlet.TldScanner.scanJars 적어도 하나의 JAR가 TLD들을 찾기 위해 스캔되었으나 아무 것도 찾지 못했습니다. 스캔했으나 TLD가 없는 JAR들의 전체 목록을 보시려면, 로그 레벨을 디버그 레벨로 설정하십시오. 스캔 과정에서 불필요한 JAR들을 건너뛰면, 시스템 시작 시간과 JSP 컴파일 시간을 단축시킬 수 있습니다.
08-Nov-2024 10:04:12.835 INFO [main] org.apache.catalina.startup.HostConfig.deployDirectory 웹 애플리케이션 디렉토리 [E:\Java\apache-tomcat-10.1.31\webapps\Gradle___org_example___WebEx02_1_0_SNAPSHOT_war]에 대한 배치가 [1,523] 밀리초에 완료되었습니다.
08-Nov-2024 10:04:12.836 INFO [main] org.apache.catalina.startup.HostConfig.deployDirectory 웹 애플리케이션 디렉토리 [E:\Java\apache-tomcat-10.1.31\webapps\host-manager]을(를) 배치합니다.
08-Nov-2024 10:04:12.888 INFO [main] org.apache.catalina.startup.HostConfig.deployDirectory 웹 애플리케이션 디렉토리 [E:\Java\apache-tomcat-10.1.31\webapps\host-manager]에 대한 배치가 [52] 밀리초에 완료되었습니다.
08-Nov-2024 10:04:12.891 INFO [main] org.apache.catalina.startup.HostConfig.deployDirectory 웹 애플리케이션 디렉토리 [E:\Java\apache-tomcat-10.1.31\webapps\manager]을(를) 배치합니다.
08-Nov-2024 10:04:12.941 INFO [main] org.apache.catalina.startup.HostConfig.deployDirectory 웹 애플리케이션 디렉토리 [E:\Java\apache-tomcat-10.1.31\webapps\manager]에 대한 배치가 [50] 밀리초에 완료되었습니다.
08-Nov-2024 10:04:12.942 INFO [main] org.apache.catalina.startup.HostConfig.deployDirectory 웹 애플리케이션 디렉토리 [E:\Java\apache-tomcat-10.1.31\webapps\ROOT]을(를) 배치합니다.
08-Nov-2024 10:04:12.976 INFO [main] org.apache.catalina.startup.HostConfig.deployDirectory 웹 애플리케이션 디렉토리 [E:\Java\apache-tomcat-10.1.31\webapps\ROOT]에 대한 배치가 [35] 밀리초에 완료되었습니다.
08-Nov-2024 10:04:12.985 INFO [main] org.apache.catalina.startup.Catalina.start 서버가 [3277] 밀리초 내에 시작되었습니다.
08-Nov-2024 10:04:13.025 SEVERE [main] org.apache.catalina.core.StandardServer.await 주소 [localhost]와(과) 포트 [8005]에, 서버 셧다운 소켓을 생성하지 못했습니다. (base 포트 [8005], offset [0])
	java.net.BindException: Address already in use: bind
		at java.base/sun.nio.ch.Net.bind0(Native Method)
		at java.base/sun.nio.ch.Net.bind(Net.java:555)
		at java.base/sun.nio.ch.Net.bind(Net.java:544)
		at java.base/sun.nio.ch.NioSocketImpl.bind(NioSocketImpl.java:648)
		at java.base/java.net.ServerSocket.bind(ServerSocket.java:388)
		at java.base/java.net.ServerSocket.<init>(ServerSocket.java:274)
		at org.apache.catalina.core.StandardServer.await(StandardServer.java:533)
		at org.apache.catalina.startup.Catalina.await(Catalina.java:847)
		at org.apache.catalina.startup.Catalina.start(Catalina.java:795)
		at java.base/jdk.internal.reflect.NativeMethodAccessorImpl.invoke0(Native Method)
		at java.base/jdk.internal.reflect.NativeMethodAccessorImpl.invoke(NativeMethodAccessorImpl.java:77)
		at java.base/jdk.internal.reflect.DelegatingMethodAccessorImpl.invoke(DelegatingMethodAccessorImpl.java:43)
		at java.base/java.lang.reflect.Method.invoke(Method.java:568)
		at org.apache.catalina.startup.Bootstrap.start(Bootstrap.java:345)
		at org.apache.catalina.startup.Bootstrap.main(Bootstrap.java:473)
08-Nov-2024 10:04:13.028 INFO [main] org.apache.coyote.AbstractProtocol.pause 프로토콜 핸들러 ["http-nio-8080"]을(를) 일시 정지 중
08-Nov-2024 10:04:13.028 INFO [main] org.apache.catalina.core.StandardService.stopInternal 서비스 [Catalina]을(를) 중지시킵니다.
08-Nov-2024 10:04:13.093 INFO [main] org.apache.coyote.AbstractProtocol.stop 프로토콜 핸들러 ["http-nio-8080"]을(를) 중지시킵니다.
08-Nov-2024 10:04:13.096 INFO [main] org.apache.coyote.AbstractProtocol.destroy 프로토콜 핸들러 ["http-nio-8080"]을(를) 소멸시킵니다.
